<?xml version="1.0" encoding="UTF-8"?>
<testng-results ignored="0" total="1" passed="1" failed="0" skipped="0">
  <reporter-output>
  </reporter-output>
  <suite started-at="2023-08-14T13:27:13 IST" name="Default suite" finished-at="2023-08-14T13:27:44 IST" duration-ms="30717">
    <groups>
    </groups>
    <test started-at="2023-08-14T13:27:13 IST" name="Default test" finished-at="2023-08-14T13:27:44 IST" duration-ms="30717">
      <class name="TestPolicyBazaar.ValidatePolicyBazaarUserName">
        <test-method is-config="true" signature="launchPolicyBazaar()[pri:0, instance:TestPolicyBazaar.ValidatePolicyBazaarUserName@3e27ba32]" started-at="2023-08-14T13:27:14 IST" name="launchPolicyBazaar" finished-at="2023-08-14T13:27:28 IST" duration-ms="14333" status="PASS">
          <reporter-output>
          </reporter-output>
        </test-method> <!-- launchPolicyBazaar -->
        <test-method is-config="true" signature="loginToPolicyBazaar()[pri:0, instance:TestPolicyBazaar.ValidatePolicyBazaarUserName@3e27ba32]" started-at="2023-08-14T13:27:28 IST" name="loginToPolicyBazaar" finished-at="2023-08-14T13:27:36 IST" duration-ms="8339" status="PASS">
          <reporter-output>
          </reporter-output>
        </test-method> <!-- loginToPolicyBazaar -->
        <test-method signature="verifyUserName()[pri:0, instance:TestPolicyBazaar.ValidatePolicyBazaarUserName@3e27ba32]" started-at="2023-08-14T13:27:36 IST" name="verifyUserName" finished-at="2023-08-14T13:27:42 IST" duration-ms="6001" status="PASS">
          <reporter-output>
          </reporter-output>
        </test-method> <!-- verifyUserName -->
        <test-method is-config="true" signature="logOutFromPolicyBazaar()[pri:0, instance:TestPolicyBazaar.ValidatePolicyBazaarUserName@3e27ba32]" started-at="2023-08-14T13:27:42 IST" name="logOutFromPolicyBazaar" finished-at="2023-08-14T13:27:43 IST" duration-ms="534" status="PASS">
          <reporter-output>
          </reporter-output>
        </test-method> <!-- logOutFromPolicyBazaar -->
        <test-method is-config="true" signature="closeBrowser()[pri:0, instance:TestPolicyBazaar.ValidatePolicyBazaarUserName@3e27ba32]" started-at="2023-08-14T13:27:43 IST" name="closeBrowser" finished-at="2023-08-14T13:27:44 IST" duration-ms="1393" status="PASS">
          <reporter-output>
          </reporter-output>
        </test-method> <!-- closeBrowser -->
      </class> <!-- TestPolicyBazaar.ValidatePolicyBazaarUserName -->
    </test> <!-- Default test -->
  </suite> <!-- Default suite -->
</testng-results>
